# JRE version: Java(TM) SE Runtime Environment (8.0_20-b26) (build 1.8.0_20-b26)
# Java VM: Java HotSpot(TM) 64-Bit Server VM (25.20-b23 mixed mode windows-amd64 compressed oops)
Heap:
 PSYoungGen      total 455680K, used 224768K [0x00000000d5a00000, 0x0000000100000000, 0x0000000100000000)
  eden space 224768K, 100% used [0x00000000d5a00000,0x00000000e3580000,0x00000000e3580000)
  from space 230912K, 0% used [0x00000000e3580000,0x00000000e3580000,0x00000000f1700000)
  to   space 231424K, 0% used [0x00000000f1e00000,0x00000000f1e00000,0x0000000100000000)
 ParOldGen       total 1388544K, used 1388434K [0x0000000080e00000, 0x00000000d5a00000, 0x00000000d5a00000)
  object space 1388544K, 99% used [0x0000000080e00000,0x00000000d59e4970,0x00000000d5a00000)
 Metaspace       used 5021K, capacity 5932K, committed 6016K, reserved 1056768K
  class space    used 564K, capacity 596K, committed 640K, reserved 1048576K
GC Heap History (10 events):
Event: 29.071 GC heap after
Heap after GC invocations=26 (full 6):
 PSYoungGen      total 448512K, used 122144K [0x00000000d5a00000, 0x00000000ff880000, 0x0000000100000000)
  eden space 224768K, 0% used [0x00000000d5a00000,0x00000000d5a00000,0x00000000e3580000)
  from space 223744K, 54% used [0x00000000f1e00000,0x00000000f9548000,0x00000000ff880000)
  to   space 230912K, 0% used [0x00000000e3580000,0x00000000e3580000,0x00000000f1700000)
 ParOldGen       total 1388544K, used 1175527K [0x0000000080e00000, 0x00000000d5a00000, 0x00000000d5a00000)
  object space 1388544K, 84% used [0x0000000080e00000,0x00000000c89f9f40,0x00000000d5a00000)
 Metaspace       used 5008K, capacity 5932K, committed 6016K, reserved 1056768K
  class space    used 563K, capacity 596K, committed 640K, reserved 1048576K
}
Event: 29.968 GC heap before
{Heap before GC invocations=27 (full 6):
 PSYoungGen      total 448512K, used 346912K [0x00000000d5a00000, 0x00000000ff880000, 0x0000000100000000)
  eden space 224768K, 100% used [0x00000000d5a00000,0x00000000e3580000,0x00000000e3580000)
  from space 223744K, 54% used [0x00000000f1e00000,0x00000000f9548000,0x00000000ff880000)
  to   space 230912K, 0% used [0x00000000e3580000,0x00000000e3580000,0x00000000f1700000)
 ParOldGen       total 1388544K, used 1175527K [0x0000000080e00000, 0x00000000d5a00000, 0x00000000d5a00000)
  object space 1388544K, 84% used [0x0000000080e00000,0x00000000c89f9f40,0x00000000d5a00000)
 Metaspace       used 5008K, capacity 5932K, committed 6016K, reserved 1056768K
  class space    used 563K, capacity 596K, committed 640K, reserved 1048576K
Event: 30.123 GC heap after
Heap after GC invocations=27 (full 6):
 PSYoungGen      total 455680K, used 230912K [0x00000000d5a00000, 0x0000000100000000, 0x0000000100000000)
  eden space 224768K, 0% used [0x00000000d5a00000,0x00000000d5a00000,0x00000000e3580000)
  from space 230912K, 100% used [0x00000000e3580000,0x00000000f1700000,0x00000000f1700000)
  to   space 231424K, 0% used [0x00000000f1e00000,0x00000000f1e00000,0x0000000100000000)
 ParOldGen       total 1388544K, used 1204303K [0x0000000080e00000, 0x00000000d5a00000, 0x00000000d5a00000)
  object space 1388544K, 86% used [0x0000000080e00000,0x00000000ca613f40,0x00000000d5a00000)
 Metaspace       used 5008K, capacity 5932K, committed 6016K, reserved 1056768K
  class space    used 563K, capacity 596K, committed 640K, reserved 1048576K
}
Event: 30.988 GC heap before
{Heap before GC invocations=28 (full 6):
 PSYoungGen      total 455680K, used 455680K [0x00000000d5a00000, 0x0000000100000000, 0x0000000100000000)
  eden space 224768K, 100% used [0x00000000d5a00000,0x00000000e3580000,0x00000000e3580000)
  from space 230912K, 100% used [0x00000000e3580000,0x00000000f1700000,0x00000000f1700000)
  to   space 231424K, 0% used [0x00000000f1e00000,0x00000000f1e00000,0x0000000100000000)
 ParOldGen       total 1388544K, used 1204303K [0x0000000080e00000, 0x00000000d5a00000, 0x00000000d5a00000)
  object space 1388544K, 86% used [0x0000000080e00000,0x00000000ca613f40,0x00000000d5a00000)
 Metaspace       used 5008K, capacity 5932K, committed 6016K, reserved 1056768K
  class space    used 563K, capacity 596K, committed 640K, reserved 1048576K
Event: 31.559 GC heap after
Heap after GC invocations=28 (full 6):
 PSYoungGen      total 455680K, used 455680K [0x00000000d5a00000, 0x0000000100000000, 0x0000000100000000)
  eden space 224768K, 100% used [0x00000000d5a00000,0x00000000e3580000,0x00000000e3580000)
  from space 230912K, 100% used [0x00000000e3580000,0x00000000f1700000,0x00000000f1700000)
  to   space 231424K, 60% used [0x00000000f1e00000,0x00000000fa6a8020,0x0000000100000000)
 ParOldGen       total 1388544K, used 1388543K [0x0000000080e00000, 0x00000000d5a00000, 0x00000000d5a00000)
  object space 1388544K, 99% used [0x0000000080e00000,0x00000000d59fff40,0x00000000d5a00000)
 Metaspace       used 5008K, capacity 5932K, committed 6016K, reserved 1056768K
  class space    used 563K, capacity 596K, committed 640K, reserved 1048576K
}
Event: 31.559 GC heap before
{Heap before GC invocations=29 (full 7):
 PSYoungGen      total 455680K, used 455680K [0x00000000d5a00000, 0x0000000100000000, 0x0000000100000000)
  eden space 224768K, 100% used [0x00000000d5a00000,0x00000000e3580000,0x00000000e3580000)
  from space 230912K, 100% used [0x00000000e3580000,0x00000000f1700000,0x00000000f1700000)
  to   space 231424K, 60% used [0x00000000f1e00000,0x00000000fa6a8020,0x0000000100000000)
 ParOldGen       total 1388544K, used 1388543K [0x0000000080e00000, 0x00000000d5a00000, 0x00000000d5a00000)
  object space 1388544K, 99% used [0x0000000080e00000,0x00000000d59fff40,0x00000000d5a00000)
 Metaspace       used 5008K, capacity 5932K, committed 6016K, reserved 1056768K
  class space    used 563K, capacity 596K, committed 640K, reserved 1048576K
Event: 36.881 GC heap after
Heap after GC invocations=29 (full 7):
 PSYoungGen      total 455680K, used 176372K [0x00000000d5a00000, 0x0000000100000000, 0x0000000100000000)
  eden space 224768K, 0% used [0x00000000d5a00000,0x00000000d5a00000,0x00000000e3580000)
  from space 230912K, 76% used [0x00000000e3580000,0x00000000ee1bd330,0x00000000f1700000)
  to   space 231424K, 0% used [0x00000000f1e00000,0x00000000f1e00000,0x0000000100000000)
 ParOldGen       total 1388544K, used 1388434K [0x0000000080e00000, 0x00000000d5a00000, 0x00000000d5a00000)
  object space 1388544K, 99% used [0x0000000080e00000,0x00000000d59e4970,0x00000000d5a00000)
 Metaspace       used 5008K, capacity 5932K, committed 6016K, reserved 1056768K
  class space    used 563K, capacity 596K, committed 640K, reserved 1048576K
}
Event: 46.058 GC heap before
{Heap before GC invocations=30 (full 8):
 PSYoungGen      total 455680K, used 401140K [0x00000000d5a00000, 0x0000000100000000, 0x0000000100000000)
  eden space 224768K, 100% used [0x00000000d5a00000,0x00000000e3580000,0x00000000e3580000)
  from space 230912K, 76% used [0x00000000e3580000,0x00000000ee1bd330,0x00000000f1700000)
  to   space 231424K, 0% used [0x00000000f1e00000,0x00000000f1e00000,0x0000000100000000)
 ParOldGen       total 1388544K, used 1388434K [0x0000000080e00000, 0x00000000d5a00000, 0x00000000d5a00000)
  object space 1388544K, 99% used [0x0000000080e00000,0x00000000d59e4970,0x00000000d5a00000)
 Metaspace       used 5009K, capacity 5932K, committed 6016K, reserved 1056768K
  class space    used 563K, capacity 596K, committed 640K, reserved 1048576K
Event: 47.382 GC heap after
Heap after GC invocations=30 (full 8):
 PSYoungGen      total 455680K, used 194996K [0x00000000d5a00000, 0x0000000100000000, 0x0000000100000000)
  eden space 224768K, 86% used [0x00000000d5a00000,0x00000000e186d208,0x00000000e3580000)
  from space 230912K, 0% used [0x00000000e3580000,0x00000000e3580000,0x00000000f1700000)
  to   space 231424K, 0% used [0x00000000f1e00000,0x00000000f1e00000,0x0000000100000000)
 ParOldGen       total 1388544K, used 1388434K [0x0000000080e00000, 0x00000000d5a00000, 0x00000000d5a00000)
  object space 1388544K, 99% used [0x0000000080e00000,0x00000000d59e4970,0x00000000d5a00000)
 Metaspace       used 5009K, capacity 5932K, committed 6016K, reserved 1056768K
  class space    used 563K, capacity 596K, committed 640K, reserved 1048576K
}
Event: 770.963 GC heap before
{Heap before GC invocations=31 (full 9):
 PSYoungGen      total 455680K, used 224768K [0x00000000d5a00000, 0x0000000100000000, 0x0000000100000000)
  eden space 224768K, 100% used [0x00000000d5a00000,0x00000000e3580000,0x00000000e3580000)
  from space 230912K, 0% used [0x00000000e3580000,0x00000000e3580000,0x00000000f1700000)
  to   space 231424K, 0% used [0x00000000f1e00000,0x00000000f1e00000,0x0000000100000000)
 ParOldGen       total 1388544K, used 1388434K [0x0000000080e00000, 0x00000000d5a00000, 0x00000000d5a00000)
  object space 1388544K, 99% used [0x0000000080e00000,0x00000000d59e4970,0x00000000d5a00000)
 Metaspace       used 5021K, capacity 5932K, committed 6016K, reserved 1056768K
  class space    used 564K, capacity 596K, committed 640K, reserved 1048576K

